2026-04-07 09:12:14,045 - INFO - generated new fontManager
2026-04-07 09:12:14,924 - INFO - Pipeline started
2026-04-07 09:12:15,575 - INFO - Data loaded successfully
2026-04-07 09:12:15,578 - INFO - Data processed successfully
2026-04-07 09:12:19,079 - ERROR - Error creating chart: [Errno 2] No such file or directory: 'D:\\learning\\automation_with_python\\automation_project\\output\\charts\\sales_chart.png'
2026-04-07 09:12:19,080 - ERROR - Pipeline failed: [Errno 2] No such file or directory: 'D:\\learning\\automation_with_python\\automation_project\\output\\charts\\sales_chart.png'
2026-04-07 09:16:24,499 - INFO - Pipeline started
2026-04-07 09:16:24,625 - INFO - Data loaded successfully
2026-04-07 09:16:24,626 - INFO - Data processed successfully
2026-04-07 09:16:24,788 - ERROR - Error creating chart: [Errno 2] No such file or directory: 'D:\\learning\\automation_with_python\\automation_project\\output\\charts\\sales_chart.png'
2026-04-07 09:16:24,788 - ERROR - Pipeline failed: [Errno 2] No such file or directory: 'D:\\learning\\automation_with_python\\automation_project\\output\\charts\\sales_chart.png'
2026-04-07 09:17:32,839 - INFO - Pipeline started
2026-04-07 09:17:33,111 - INFO - Data loaded successfully
2026-04-07 09:17:33,112 - INFO - Data processed successfully
2026-04-07 09:17:33,333 - ERROR - Error creating chart: [Errno 2] No such file or directory: 'D:\\learning\\automation_with_python\\automation_project\\output\\charts\\sales_chart.png'
2026-04-07 09:17:33,333 - ERROR - Pipeline failed: [Errno 2] No such file or directory: 'D:\\learning\\automation_with_python\\automation_project\\output\\charts\\sales_chart.png'
2026-04-07 09:20:58,576 - INFO - Pipeline started
2026-04-07 09:20:58,715 - INFO - Data loaded successfully
2026-04-07 09:20:58,716 - INFO - Data processed successfully
2026-04-07 09:20:58,877 - ERROR - Error creating chart: [Errno 2] No such file or directory: 'D:\\learning\\automation_with_python\\automation_project\\output\\charts\\sales_chart.png'
2026-04-07 09:20:58,877 - ERROR - Pipeline failed: [Errno 2] No such file or directory: 'D:\\learning\\automation_with_python\\automation_project\\output\\charts\\sales_chart.png'
2026-04-07 09:22:21,773 - INFO - Data loaded successfully
2026-04-07 09:22:21,774 - INFO - Data processed successfully
2026-04-07 09:22:21,929 - ERROR - Error creating chart: [Errno 2] No such file or directory: 'D:\\learning\\automation_with_python\\automation_project\\output\\charts\\sales_chart.png'
2026-04-07 09:23:54,927 - INFO - Data loaded successfully
2026-04-07 09:23:54,928 - INFO - Data processed successfully
2026-04-07 09:23:55,099 - ERROR - Error creating chart: [Errno 2] No such file or directory: 'D:\\learning\\automation_with_python\\automation_project\\output\\charts\\sales_chart.png'
2026-04-07 09:24:43,072 - INFO - Data loaded successfully
2026-04-07 09:24:43,074 - INFO - Data processed successfully
2026-04-07 09:24:43,237 - ERROR - Error creating chart: [Errno 2] No such file or directory: 'D:\\learning\\automation_with_python\\automation_project\\output\\charts\\sales_chart.png'
2026-04-07 09:32:57,575 - INFO - Data loaded successfully
2026-04-07 09:32:57,576 - INFO - Data processed successfully
2026-04-07 09:32:57,577 - ERROR - Error creating chart: [WinError 183] Cannot create a file when that file already exists: 'D:\\learning\\automation_with_python\\automation_project\\output\\charts'
2026-04-07 09:37:33,924 - INFO - Data loaded successfully
2026-04-07 09:37:33,926 - INFO - Data processed successfully
2026-04-07 09:37:34,135 - INFO - Report generated successfully
2026-04-07 09:57:58,534 - INFO - Data loaded successfully
2026-04-07 09:57:58,536 - INFO - Data processed successfully
2026-04-07 09:57:58,804 - INFO - Report generated successfully
